1.7|2019-04-05 14:49:32,382|4b9c9c32ff878b9988ac06111ce33379|jira|8.1.0|-||gh.startup.statistics|{"properties.rapidviews":0,"properties.quickfilters":0}|1554475772382|SEN-L13363167||greenhopper.analytics||
1.7|2019-04-05 14:49:33,904|4b9c9c32ff878b9988ac06111ce33379|jira|8.1.0|-||applinks.status.snapshot|{"occurrence.fecru":0,"product":"","occurrence.jira":0,"occurrence.bamboo":0,"buildNumber":"801000","occurrence.confluence":0,"occurrence.unknown":0,"pluginVersion":"6.0.4","productVersion":"8.1.0","total":0,"occurrence.refApp":0,"occurrence.bitbucket":0,"occurrence.generic":0,"occurrence.crowd":0,"failing":0,"working":0,"applicationId":"094954fa-2caa-33d9-8bfa-7645c772c658"}|1554475773904|SEN-L13363167||applinks.analytics||
1.7|2019-04-05 14:49:34,516|4b9c9c32ff878b9988ac06111ce33379|jira|8.1.0|-||com.atlassian.jira.issue.search.providers.lucene.empty.jql|{"searchSkipped":false}|1554475774516|SEN-L13363167||issue.search.providers||
1.7|2019-04-05 14:49:34,915|4b9c9c32ff878b9988ac06111ce33379|jira|8.1.0|-||com.atlassian.jira.issue.search.metrics.LuceneQueryExecutionEvent|{"executionTime":328,"numberOfClausesInQuery":1,"numberOfResults":0}|1554475774915|SEN-L13363167||issue.search.metrics||
1.7|2019-04-05 14:50:14,579|4b9c9c32ff878b9988ac06111ce33379|jira|8.1.0|-||jiraupgraded|{"setupUpgrade":false}|1554475814579|SEN-L13363167||||
1.7|2019-04-05 14:50:23,081|4b9c9c32ff878b9988ac06111ce33379|jira|8.1.0|-||healthchecks.check.hsql.pass.done.scheduled|{"severity":0,"pluginVersion":"1.15.1","healthy":true,"failureReason":""}|1554475823081|SEN-L13363167||troubleshooting.healthcheck||
1.7|2019-04-05 14:50:23,094|4b9c9c32ff878b9988ac06111ce33379|jira|8.1.0|-||healthchecks.check.endOfLife.pass.done.scheduled|{"severity":0,"pluginVersion":"1.15.1","healthy":true,"failureReason":""}|1554475823094|SEN-L13363167||troubleshooting.healthcheck||
1.7|2019-04-05 14:50:23,097|4b9c9c32ff878b9988ac06111ce33379|jira|8.1.0|-||healthchecks.check.gadgetFeedUrl.fail.done.scheduled|{"severity":2,"pluginVersion":"1.15.1","healthy":false,"failureReason":""}|1554475823097|SEN-L13363167||troubleshooting.healthcheck||
1.7|2019-04-05 14:50:23,097|4b9c9c32ff878b9988ac06111ce33379|jira|8.1.0|-||healthchecks.check.collation.pass.done.scheduled|{"severity":0,"pluginVersion":"1.15.1","healthy":true,"failureReason":""}|1554475823097|SEN-L13363167||troubleshooting.healthcheck||
1.7|2019-04-05 14:50:23,097|4b9c9c32ff878b9988ac06111ce33379|jira|8.1.0|-||healthchecks.check.databaseConfig.pass.done.scheduled|{"severity":0,"pluginVersion":"1.15.1","healthy":true,"failureReason":""}|1554475823097|SEN-L13363167||troubleshooting.healthcheck||
1.7|2019-04-05 14:50:23,097|4b9c9c32ff878b9988ac06111ce33379|jira|8.1.0|-||healthchecks.check.openFiles.pass.done.scheduled|{"severity":0,"pluginVersion":"1.15.1","healthy":true,"failureReason":""}|1554475823097|SEN-L13363167||troubleshooting.healthcheck||
1.7|2019-04-05 14:50:23,099|4b9c9c32ff878b9988ac06111ce33379|jira|8.1.0|-||healthchecks.check.storageIndexSnapshot.pass.done.scheduled|{"severity":0,"pluginVersion":"1.15.1","healthy":true,"failureReason":""}|1554475823099|SEN-L13363167||troubleshooting.healthcheck||
1.7|2019-04-05 14:50:23,100|4b9c9c32ff878b9988ac06111ce33379|jira|8.1.0|-||healthchecks.check.attachment.pass.done.scheduled|{"severity":0,"pluginVersion":"1.15.1","healthy":true,"failureReason":""}|1554475823100|SEN-L13363167||troubleshooting.healthcheck||
1.7|2019-04-05 14:50:23,101|4b9c9c32ff878b9988ac06111ce33379|jira|8.1.0|-||healthchecks.check.font.pass.done.scheduled|{"severity":0,"healthy":true,"failureReason":""}|1554475823101|SEN-L13363167||troubleshooting.healthcheck||
1.7|2019-04-05 14:50:23,102|4b9c9c32ff878b9988ac06111ce33379|jira|8.1.0|-||healthchecks.check.clusterIndexReplication.pass.done.scheduled|{"severity":0,"pluginVersion":"1.15.1","healthy":true,"failureReason":""}|1554475823102|SEN-L13363167||troubleshooting.healthcheck||
1.7|2019-04-05 14:50:23,102|4b9c9c32ff878b9988ac06111ce33379|jira|8.1.0|-||healthchecks.check.clusterLock.pass.done.scheduled|{"severity":0,"pluginVersion":"1.15.1","healthy":true,"failureReason":""}|1554475823102|SEN-L13363167||troubleshooting.healthcheck||
1.7|2019-04-05 14:50:23,102|4b9c9c32ff878b9988ac06111ce33379|jira|8.1.0|-||healthchecks.check.scheduler.pass.done.scheduled|{"severity":0,"pluginVersion":"1.15.1","healthy":true,"failureReason":""}|1554475823102|SEN-L13363167||troubleshooting.healthcheck||
1.7|2019-04-05 14:50:23,103|4b9c9c32ff878b9988ac06111ce33379|jira|8.1.0|-||healthchecks.check.clusterReplication.pass.done.scheduled|{"severity":0,"pluginVersion":"1.15.1","healthy":true,"failureReason":""}|1554475823103|SEN-L13363167||troubleshooting.healthcheck||
1.7|2019-04-05 14:50:23,103|4b9c9c32ff878b9988ac06111ce33379|jira|8.1.0|-||healthchecks.check.clusterNodeTimeSynchronization.pass.done.scheduled|{"severity":0,"pluginVersion":"1.15.1","healthy":true,"failureReason":""}|1554475823103|SEN-L13363167||troubleshooting.healthcheck||
1.7|2019-04-05 14:50:23,103|4b9c9c32ff878b9988ac06111ce33379|jira|8.1.0|-||healthchecks.check.sharedHome.pass.done.scheduled|{"severity":0,"pluginVersion":"1.15.1","healthy":true,"failureReason":""}|1554475823103|SEN-L13363167||troubleshooting.healthcheck||
1.7|2019-04-05 14:50:23,136|4b9c9c32ff878b9988ac06111ce33379|jira|8.1.0|-||healthchecks.check.secondaryAttachment.pass.done.scheduled|{"severity":0,"pluginVersion":"1.15.1","healthy":true,"failureReason":""}|1554475823136|SEN-L13363167||troubleshooting.healthcheck||
1.7|2019-04-05 14:50:23,139|4b9c9c32ff878b9988ac06111ce33379|jira|8.1.0|-||healthchecks.check.secondaryAvatar.pass.done.scheduled|{"severity":0,"pluginVersion":"1.15.1","healthy":true,"failureReason":""}|1554475823139|SEN-L13363167||troubleshooting.healthcheck||
1.7|2019-04-05 14:50:23,140|4b9c9c32ff878b9988ac06111ce33379|jira|8.1.0|-||healthchecks.check.secondaryPlugin.pass.done.scheduled|{"severity":0,"pluginVersion":"1.15.1","healthy":true,"failureReason":""}|1554475823140|SEN-L13363167||troubleshooting.healthcheck||
1.7|2019-04-05 14:50:23,141|4b9c9c32ff878b9988ac06111ce33379|jira|8.1.0|-||healthchecks.check.secondaryIndex.pass.done.scheduled|{"severity":0,"pluginVersion":"1.15.1","healthy":true,"failureReason":""}|1554475823141|SEN-L13363167||troubleshooting.healthcheck||
1.7|2019-04-05 14:50:23,141|4b9c9c32ff878b9988ac06111ce33379|jira|8.1.0|-||healthchecks.check.networkMount.pass.done.scheduled|{"severity":0,"pluginVersion":"1.15.1","healthy":true,"failureReason":""}|1554475823141|SEN-L13363167||troubleshooting.healthcheck||
