-----BEGIN PGP MESSAGE-----
Version: BCPG v1.57

owJ4nJvAy8zAxWgR/Xnl50wHVsbTm5LEczKTU/OKU90yc1L9EnNTdT3T8/KLUlNi
JipbKuvqKkClFdKA8lzKIaWpCr6JRQqGlgqGFlaGxlZGFgrOriEKRgaGllypFQWZ
RZUuiSWptiC+roGproEhV2ZxcWlqkW1IagUXxKz8Ilvn/Dzn/JTU4FSILJIWY11D
C6i61FTbysys0jy9ylKH/ILUPL3EZL3SbK5OpmgWBkYuBldWJpAb7WTghrmk5uZ7
p1YqaASnJhYlZygk5qUoFCXmZYPdXqypYJOZl5bvkJyflwxUXpyql5yfa8fAxSkA
C46wTgGGY2wZP3XK36ew+V1u/zZjdnan5nSBA6XbrNR0lf70qrS0SV3nF+U/dfDB
vwPyDTcX/pc20e86m2XqtDNzg+kstvi7H36u9Z1kdf/JuWkPM57t9nn94V/uXk4L
/Qslzy30l27dP9G59uKmU0fdrXpT/Jbc/pDFK5ek9Wlh19HVLtVqNhs38v6IXXMp
+NwEZz+Bk+oTsyumVm76xyYpp7LY4/auiR+Xue5Kk3T1jox6pGWSeF72mNL7XUkL
Gcvjt7V9UL30XtjiwoIagUNFkw4tnjFv/duGyXknnn93z5VMvPQrvF9T6lPGpYk/
ZXQmnTi3/NdbT7eTtS8ORVnUyMqxuGn93OK7a5fflQ8n9Vt/POrddfH7poc1oSXr
roQJWX+rn3WvNkepv2XWtd9fRdw7Lmy8yOWQ/rA7/t69xdzL7vBGXOJW42RY4awm
18a47HtIXdFmV3/2HKlqjcik6H5X8auLb3aYJ3mmFd/+w5jxT/7pztdqs97PM9jR
LMss+uWuKv+Gy/68Cut2/tmtJjXlvrfC3pemz19qPDgauF6zynzPIo64hJ7A41tr
zW91f371cfekXuV/N5xSS7d8W8J/W9U4aS9/zbmyze7iE74nM2+wv3wsS9/vuZ5H
vb9NTNnON1ejdyeWnlk965I16xMVb7MDSdK/QnVZNk2d5rpkVf3/NYvkXueqb4js
ucV50fWs7Tdtiw8i/b/OB615cAEAtZJjdA==
=cZTo
-----END PGP MESSAGE-----
